0 info it worked if it ends with ok
1 verbose cli [ 'node', '/usr/local/bin/npm', 'install', '-g', 'coffee-script' ]
2 info using npm@1.1.36
3 info using node@v0.8.2
4 verbose config file /Users/twer/.npmrc
5 verbose config file /usr/local/etc/npmrc
6 verbose config file /usr/local/lib/node_modules/npm/npmrc
7 verbose read json /usr/local/lib/package.json
8 verbose read json /usr/local/lib/package.json
9 verbose cache add [ 'coffee-script', null ]
10 silly cache add name=undefined spec="coffee-script" args=["coffee-script",null]
11 verbose parsed url { pathname: 'coffee-script',
11 verbose parsed url   path: 'coffee-script',
11 verbose parsed url   href: 'coffee-script' }
12 silly lockFile ab358269-coffee-script coffee-script
13 verbose lock coffee-script /Users/twer/.npm/ab358269-coffee-script.lock
14 silly lockFile ab358269-coffee-script coffee-script
15 verbose addNamed [ 'coffee-script', '' ]
16 verbose addNamed [ null, '' ]
17 silly lockFile 53951495-coffee-script coffee-script@
18 verbose lock coffee-script@ /Users/twer/.npm/53951495-coffee-script.lock
19 silly addNameRange { name: 'coffee-script', range: '', hasData: false }
20 verbose url raw coffee-script
21 verbose url resolving [ 'https://registry.npmjs.org/', './coffee-script' ]
22 verbose url resolved https://registry.npmjs.org/coffee-script
23 info retry registry request attempt 1 at 13:11:52
24 verbose etag "2T8OLBZ31C8AKEM8TKFKS9L1I"
25 http GET https://registry.npmjs.org/coffee-script
26 http 304 https://registry.npmjs.org/coffee-script
27 silly registry.get cb [ 304,
27 silly registry.get   { server: 'CouchDB/1.2.0 (Erlang OTP/R15B)',
27 silly registry.get     etag: '"2T8OLBZ31C8AKEM8TKFKS9L1I"',
27 silly registry.get     date: 'Sun, 22 Jul 2012 05:11:58 GMT',
27 silly registry.get     'content-length': '0' } ]
28 verbose etag coffee-script from cache
29 silly addNameRange number 2 { name: 'coffee-script', range: '', hasData: true }
30 silly addNameRange versions [ 'coffee-script',
30 silly addNameRange   [ '0.7.0',
30 silly addNameRange     '0.7.1',
30 silly addNameRange     '0.7.2',
30 silly addNameRange     '0.9.0',
30 silly addNameRange     '0.9.1',
30 silly addNameRange     '0.9.2',
30 silly addNameRange     '0.9.3',
30 silly addNameRange     '0.9.4',
30 silly addNameRange     '0.9.5',
30 silly addNameRange     '0.9.6',
30 silly addNameRange     '1.0.0',
30 silly addNameRange     '1.0.1',
30 silly addNameRange     '1.1.0',
30 silly addNameRange     '1.1.1',
30 silly addNameRange     '1.1.2',
30 silly addNameRange     '1.1.3',
30 silly addNameRange     '1.2.0',
30 silly addNameRange     '1.3.0',
30 silly addNameRange     '1.3.1',
30 silly addNameRange     '1.3.2',
30 silly addNameRange     '1.3.3' ] ]
31 verbose addNamed [ 'coffee-script', '1.3.3' ]
32 verbose addNamed [ '1.3.3', '1.3.3' ]
33 silly lockFile 022c8436-coffee-script-1-3-3 coffee-script@1.3.3
34 verbose lock coffee-script@1.3.3 /Users/twer/.npm/022c8436-coffee-script-1-3-3.lock
35 verbose read json /Users/twer/.npm/coffee-script/1.3.3/package/package.json
36 silly lockFile 022c8436-coffee-script-1-3-3 coffee-script@1.3.3
37 silly lockFile 53951495-coffee-script coffee-script@
38 silly resolved [ { name: 'coffee-script',
38 silly resolved     description: 'Unfancy JavaScript',
38 silly resolved     keywords: [ 'javascript', 'language', 'coffeescript', 'compiler' ],
38 silly resolved     author: { name: 'Jeremy Ashkenas' },
38 silly resolved     version: '1.3.3',
38 silly resolved     licenses: [ [Object] ],
38 silly resolved     engines: { node: '>=0.4.0' },
38 silly resolved     directories: { lib: './lib/coffee-script' },
38 silly resolved     main: './lib/coffee-script/coffee-script',
38 silly resolved     bin: { coffee: './bin/coffee', cake: './bin/cake' },
38 silly resolved     homepage: 'http://coffeescript.org',
38 silly resolved     bugs: 'https://github.com/jashkenas/coffee-script/issues',
38 silly resolved     repository:
38 silly resolved      { type: 'git',
38 silly resolved        url: 'git://github.com/jashkenas/coffee-script.git' },
38 silly resolved     devDependencies: { 'uglify-js': '>=1.0.0', jison: '>=0.2.0' },
38 silly resolved     readme: '\n            {\n         }   }   {\n        {   {  }  }\n         }   }{  {\n        {  }{  }  }                    _____       __  __\n       ( }{ }{  { )                   / ____|     / _|/ _|\n     .- { { }  { }} -.               | |     ___ | |_| |_ ___  ___\n    (  ( } { } { } }  )              | |    / _ \\|  _|  _/ _ \\/ _ \\\n    |`-..________ ..-\'|              | |___| (_) | | | ||  __/  __/\n    |                 |               \\_____\\___/|_| |_| \\___|\\___|\n    |                 ;--.\n    |                (__  \\            _____           _       _\n    |                 | )  )          / ____|         (_)     | |\n    |                 |/  /          | (___   ___ _ __ _ _ __ | |_\n    |                 (  /            \\___ \\ / __| \'__| | \'_ \\| __|\n    |                 |/              ____) | (__| |  | | |_) | |_\n    |                 |              |_____/ \\___|_|  |_| .__/ \\__|\n     `-.._________..-\'                                  | |\n                                                        |_|\n\n\n  CoffeeScript is a little language that compiles into JavaScript.\n\n  Install Node.js, and then the CoffeeScript compiler:\n  sudo bin/cake install\n\n  Or, if you have the Node Package Manager installed:\n  npm install -g coffee-script\n  (Leave off the -g if you don\'t wish to install globally.)\n\n  Execute a script:\n  coffee /path/to/script.coffee\n\n  Compile a script:\n  coffee -c /path/to/script.coffee\n\n  For documentation, usage, and examples, see:\n  http://coffeescript.org/\n\n  To suggest a feature, report a bug, or general discussion:\n  http://github.com/jashkenas/coffee-script/issues/\n\n  If you\'d like to chat, drop by #coffeescript on Freenode IRC,\n  or on webchat.freenode.net.\n\n  The source repository:\n  git://github.com/jashkenas/coffee-script.git\n\n  All contributors are listed here:\n  http://github.com/jashkenas/coffee-script/contributors\n',
38 silly resolved     _id: 'coffee-script@1.3.3',
38 silly resolved     _from: 'coffee-script' } ]
39 info install coffee-script@1.3.3 into /usr/local/lib
40 info installOne coffee-script@1.3.3
41 verbose from cache /Users/twer/.npm/coffee-script/1.3.3/package/package.json
42 info /usr/local/lib/node_modules/coffee-script unbuild
43 verbose read json /usr/local/lib/node_modules/coffee-script/package.json
44 verbose tar unpack /Users/twer/.npm/coffee-script/1.3.3/package.tgz
45 silly lockFile 7b01d0c2-l-lib-node-modules-coffee-script /usr/local/lib/node_modules/coffee-script
46 verbose lock /usr/local/lib/node_modules/coffee-script /Users/twer/.npm/7b01d0c2-l-lib-node-modules-coffee-script.lock
47 silly gunzTarPerm modes [ '755', '644' ]
48 error Error: EACCES, mkdir '/usr/local/lib/node_modules/coffee-script'
48 error  { [Error: EACCES, mkdir '/usr/local/lib/node_modules/coffee-script']
48 error   errno: 3,
48 error   code: 'EACCES',
48 error   path: '/usr/local/lib/node_modules/coffee-script',
48 error   fstream_type: 'Directory',
48 error   fstream_path: '/usr/local/lib/node_modules/coffee-script',
48 error   fstream_class: 'DirWriter',
48 error   fstream_stack:
48 error    [ 'DirWriter._create (/usr/local/lib/node_modules/npm/node_modules/fstream/lib/dir-writer.js:36:23)',
48 error      '/usr/local/lib/node_modules/npm/node_modules/fstream/node_modules/mkdirp/index.js:45:17',
48 error      'Object.oncomplete (fs.js:297:15)' ] }
49 error Please try running this command again as root/Administrator.
50 error System Darwin 11.4.0
51 error command "node" "/usr/local/bin/npm" "install" "-g" "coffee-script"
52 error cwd /Users/twer/Desktop/WayneDevLab/web/nodejs/one_key_travel_guide
53 error node -v v0.8.2
54 error npm -v 1.1.36
55 error path /usr/local/lib/node_modules/coffee-script
56 error fstream_path /usr/local/lib/node_modules/coffee-script
57 error fstream_type Directory
58 error fstream_class DirWriter
59 error code EACCES
60 error message EACCES, mkdir '/usr/local/lib/node_modules/coffee-script'
61 error errno 3
62 error fstream_stack DirWriter._create (/usr/local/lib/node_modules/npm/node_modules/fstream/lib/dir-writer.js:36:23)
62 error fstream_stack /usr/local/lib/node_modules/npm/node_modules/fstream/node_modules/mkdirp/index.js:45:17
62 error fstream_stack Object.oncomplete (fs.js:297:15)
63 error 3 errno
64 verbose exit [ 3, true ]
